Flutter crash report.
Please report a bug at https://github.com/flutter/flutter/issues.

## command

flutter pub get

## exception

FileSystemException: FileSystemException: Cannot create link, path = '/Volumes/VMware Shared Folders/App3-765b088fd12ab19f9c2224c1f8ea360e51071718/windows/flutter/ephemeral/.plugin_symlinks/device_info_plus' (OS Error: Operation not supported on socket, errno = 102)

```
#0      _Link.throwIfError (dart:io/link.dart:357:7)
#1      _Link.createSync (dart:io/link.dart:275:5)
#2      ForwardingLink.createSync (package:file/src/forwarding/forwarding_link.dart:20:16)
#3      ForwardingLink.createSync (package:file/src/forwarding/forwarding_link.dart:20:16)
#4      _createPlatformPluginSymlinks (package:flutter_tools/src/flutter_plugins.dart:1111:12)
#5      createPluginSymlinks (package:flutter_tools/src/flutter_plugins.dart:1027:5)
#6      refreshPluginsList (package:flutter_tools/src/flutter_plugins.dart:1167:5)
<asynchronous suspension>
#7      FlutterProject.ensureReadyForPlatformSpecificTooling (package:flutter_tools/src/project.dart:368:5)
<asynchronous suspension>
#8      PackagesGetCommand.runCommand (package:flutter_tools/src/commands/packages.dart:388:7)
<asynchronous suspension>
#9      FlutterCommand.run.<anonymous closure> (package:flutter_tools/src/runner/flutter_command.dart:1558:27)
<asynchronous suspension>
#10     AppContext.run.<anonymous closure> (package:flutter_tools/src/base/context.dart:154:19)
<asynchronous suspension>
#11     CommandRunner.runCommand (package:args/command_runner.dart:212:13)
<asynchronous suspension>
#12     FlutterCommandRunner.runCommand.<anonymous closure> (package:flutter_tools/src/runner/flutter_command_runner.dart:496:9)
<asynchronous suspension>
#13     AppContext.run.<anonymous closure> (package:flutter_tools/src/base/context.dart:154:19)
<asynchronous suspension>
#14     FlutterCommandRunner.runCommand (package:flutter_tools/src/runner/flutter_command_runner.dart:431:5)
<asynchronous suspension>
#15     run.<anonymous closure>.<anonymous closure> (package:flutter_tools/runner.dart:98:11)
<asynchronous suspension>
#16     AppContext.run.<anonymous closure> (package:flutter_tools/src/base/context.dart:154:19)
<asynchronous suspension>
#17     main (package:flutter_tools/executable.dart:99:3)
<asynchronous suspension>
```

## flutter doctor

```
[32m[✓][39m Flutter (Channel stable, 3.29.2, on macOS 15.3.2 24D81 darwin-x64, locale en-EG) [4.2s]
    [32m•[39m Flutter version 3.29.2 on channel stable at /Users/mohamedadel/Development/flutter
    [32m•[39m Upstream repository https://github.com/flutter/flutter.git
    [32m•[39m Framework revision c236373904 (6 days ago), 2025-03-13 16:17:06 -0400
    [32m•[39m Engine revision 18b71d647a
    [32m•[39m Dart version 3.7.2
    [32m•[39m DevTools version 2.42.3

[32m[✓][39m Android toolchain - develop for Android devices (Android SDK version 35.0.1) [16.6s]
    [32m•[39m Android SDK at /Users/mohamedadel/Library/Android/sdk
    [32m•[39m Platform android-35, build-tools 35.0.1
    [32m•[39m Java binary at: /Applications/Android Studio.app/Contents/jbr/Contents/Home/bin/java
      This is the JDK bundled with the latest Android Studio installation on this machine.
      To manually set the JDK path, use: `flutter config --jdk-dir="path/to/jdk"`.
    [32m•[39m Java version OpenJDK Runtime Environment (build 21.0.5+-12932927-b750.29)
    [32m•[39m All Android licenses accepted.

[32m[✓][39m Xcode - develop for iOS and macOS (Xcode 16.2) [11.7s]
    [32m•[39m Xcode at /Users/mohamedadel/Downloads/Xcode.app/Contents/Developer
    [32m•[39m Build 16C5032a
    [32m•[39m CocoaPods version 1.16.2

[31m[✗][39m Chrome - develop for the web (Cannot find Chrome executable at /Applications/Google Chrome.app/Contents/MacOS/Google Chrome) [72ms]
    [33m![39m Cannot find Chrome. Try setting CHROME_EXECUTABLE to a Chrome executable.

[32m[✓][39m Android Studio (version 2024.3) [64ms]
    [32m•[39m Android Studio at /Applications/Android Studio.app/Contents
    [32m•[39m Flutter plugin can be installed from:
      🔨 https://plugins.jetbrains.com/plugin/9212-flutter
    [32m•[39m Dart plugin can be installed from:
      🔨 https://plugins.jetbrains.com/plugin/6351-dart
    [32m•[39m Java version OpenJDK Runtime Environment (build 21.0.5+-12932927-b750.29)

[32m[✓][39m Connected device (2 available) [10.1s]
    [32m•[39m iPhone SE (3rd generation) (mobile) • CFB14E46-A2E0-4592-92A8-13D00A177945 • ios        • com.apple.CoreSimulator.SimRuntime.iOS-18-4 (simulator)
    [32m•[39m macOS (desktop)                     • macos                                • darwin-x64 • macOS 15.3.2 24D81 darwin-x64

[32m[✓][39m Network resources [838ms]
    [32m•[39m All expected network resources are available.

[33m![39m Doctor found issues in 1 category.
```
